2026-04-08 09:21:28.739 [] [] [] INFO  cn.cordys.Application - Starting Application using Java 21 with PID 17456 (D:\workSpace\CordysCRM\backend\app\target\classes started by admin in D:\workSpace\CordysCRM)
2026-04-08 09:21:28.739 [] [] [] INFO  cn.cordys.Application - No active profile set, falling back to 1 default profile: "default"
2026-04-08 09:21:38.482 [] [] [] INFO  cn.cordys.Application - Started Application in 10.255 seconds (process running for 11.351)
2026-04-08 09:21:38.485 [] [] [] INFO  c.c.config.TenantDataSourceBootstrap - TenantDataSourceBootstrap start (order=-2147483648)
2026-04-08 09:21:38.492 [] [] [] INFO  c.c.config.TenantDataSourceBootstrap - Tenant schema migrate start, tenantId=default, jdbcUrl=jdbc:mysql://127.0.0.1:3309/crm_tenant_default?autoReconnect=false&useUnicode=true&characterEncoding=UTF-8&characterSetResults=UTF-8&zeroDateTimeBehavior=convertToNull&allowPublicKeyRetrieval=true&useSSL=false&sessionVariables=sql_mode=%27STRICT_TRANS_TABLES,NO_ZERO_IN_DATE,NO_ZERO_DATE,ERROR_FOR_DIVISION_BY_ZERO,NO_ENGINE_SUBSTITUTION%27
2026-04-08 09:21:38.811 [] [] [] INFO  c.c.config.TenantDataSourceBootstrap - Tenant schema migrate done, tenantId=default
2026-04-08 09:21:38.811 [] [] [] INFO  c.c.config.TenantDataSourceBootstrap - TenantDataSourceBootstrap done
2026-04-08 09:21:38.812 [] [] [] INFO  cn.cordys.listener.AppListener - ===== 开始初始化配置 =====
2026-04-08 09:21:38.881 [] [] [] INFO  c.c.c.s.s.DisposableWorkerIdAssigner - Add worker node:WorkerNode(id=4, hostName=240e:398:3e0:d500:a852:b033:c2:4451, port=1775611298824-1496007044, type=2, launchDate=1775611298827, modified=1775611298827, created=1775611298827)
2026-04-08 09:21:38.882 [] [] [] INFO  c.c.c.uid.impl.DefaultUidGenerator - Initialized UID Generator: epoch=2025-01-01, bits=(time:30, worker:21, seq:12), workerId=4
2026-04-08 09:21:38.882 [] [] [] INFO  cn.cordys.listener.AppListener - 初始化RSA配置
2026-04-08 09:21:38.902 [] [] [] INFO  cn.cordys.listener.AppListener - 初始化租户业务配置，tenantId=default
2026-04-08 09:21:38.902 [] [] [] INFO  cn.cordys.listener.AppListener - 初始化定时任务，tenantId=default
2026-04-08 09:21:38.933 [] [] [] INFO  cn.cordys.listener.AppListener - 初始化默认组织数据，tenantId=default
2026-04-08 09:21:38.993 [] [] [] INFO  cn.cordys.listener.AppListener - 停止导出任务，tenantId=default
2026-04-08 09:21:39.002 [] [] [] INFO  cn.cordys.listener.AppListener - 清理表单缓存
2026-04-08 09:21:39.007 [] [] [] INFO  cn.cordys.listener.AppListener - ===== 完成初始化配置 =====
2026-04-08 09:22:38.669 [] [] [] INFO  c.cordys.crm.system.job.NotifyOnJob - 执行公告通知定时任务，tenantId=default
2026-04-08 09:22:38.706 [] [] [] INFO  c.c.c.i.d.s.DataEaseSyncService - 定时同步DataEase数据，tenantId=default, 组织ID=100001
2026-04-08 09:22:38.794 [] [] [] INFO  c.c.crm.system.job.TaskCleanupJob - 执行清理任务，tenantId=default
2026-04-08 09:22:38.794 [] [] [] INFO  c.c.crm.system.job.TaskCleanupJob - 开始执行所有清理任务
2026-04-08 09:22:38.817 [] [] [] INFO  cn.cordys.crm.system.job.SessionJob - 用户会话统计: {}
2026-04-08 09:22:38.818 [] [] [] INFO  c.c.c.s.j.l.CleanTempResourceListener - 开始清理临时目录资源
2026-04-08 09:22:38.832 [] [] [] INFO  c.c.c.s.j.l.CleanTempResourceListener - 临时目录资源清理完成
2026-04-08 09:22:38.832 [] [] [] INFO  c.c.c.s.j.l.CluePoolRecycleListener - 开始回收线索资源
2026-04-08 09:22:38.838 [] [] [] INFO  c.c.c.s.j.l.CluePoolRecycleListener - 没有启用的自动回收线索池，回收任务结束
2026-04-08 09:22:38.838 [] [] [] INFO  c.c.c.s.j.l.CustomerPoolRecycleListener - 开始回收客户资源
2026-04-08 09:22:38.843 [] [] [] INFO  c.c.c.s.j.l.CustomerPoolRecycleListener - 没有启用的自动回收公海，回收任务结束
2026-04-08 09:22:38.843 [] [] [] INFO  c.c.c.s.j.l.FollowUpPlanRemindListener - 跟进计划到期提醒
2026-04-08 09:22:38.843 [] [] [] INFO  c.c.c.s.j.l.FollowUpPlanRemindListener - 跟进计划到期提醒完成
2026-04-08 09:22:38.843 [] [] [] INFO  c.c.c.s.j.l.OpportunityRuleListener - 开始回收商机资源
2026-04-08 09:22:38.858 [] [] [] INFO  c.c.c.s.j.l.OpportunityRuleListener - 没有启用的自动回收商机规则，回收任务结束
2026-04-08 09:22:38.858 [] [] [] INFO  c.c.crm.system.job.TaskCleanupJob - 所有清理任务执行完成
2026-04-08 09:22:38.860 [] [] [] INFO  c.c.crm.system.job.NoticeExpireJob - 执行到期提醒任务，tenantId=default
2026-04-08 09:22:38.860 [] [] [] INFO  c.c.crm.system.job.NoticeExpireJob - 商机报价单即将到期提醒
2026-04-08 09:22:38.893 [] [] [] INFO  c.c.crm.system.job.NoticeExpireJob - 组织100001无即将到期商机报价单，时间范围1775923200000-1775836800000
2026-04-08 09:22:38.893 [] [] [] INFO  c.c.crm.system.job.NoticeExpireJob - 组织100001商机报价单即将到期提醒发送通知成功
2026-04-08 09:22:38.893 [] [] [] INFO  c.c.crm.system.job.NoticeExpireJob - 商机报价单到期提醒
2026-04-08 09:22:38.903 [] [] [] INFO  c.c.crm.system.job.NoticeExpireJob - 组织100001无到期商机报价单
2026-04-08 09:22:38.903 [] [] [] INFO  c.c.crm.system.job.NoticeExpireJob - 回款计划即将到期提醒
2026-04-08 09:22:38.910 [] [] [] INFO  c.c.crm.system.job.NoticeExpireJob - 组织100001无即将到期回款计划,时间范围1775923200000-1775836800000
2026-04-08 09:22:38.910 [] [] [] INFO  c.c.crm.system.job.NoticeExpireJob - 组织100001即将到期回款计划提醒完成
2026-04-08 09:22:38.910 [] [] [] INFO  c.c.crm.system.job.NoticeExpireJob - 回款计划到期提醒
2026-04-08 09:22:38.927 [] [] [] INFO  c.c.crm.system.job.NoticeExpireJob - 组织100001无到期回款计划
2026-04-08 09:22:38.927 [] [] [] INFO  c.c.crm.system.job.NoticeExpireJob - 合同即将到期提醒
2026-04-08 09:22:38.947 [] [] [] INFO  c.c.crm.system.job.NoticeExpireJob - 组织100001无即将到期合同，时间范围1775923200000-1775836800000
2026-04-08 09:22:38.951 [] [] [] INFO  c.c.crm.system.job.NoticeExpireJob - 组织100001合同即将到期提醒发送通知成功
2026-04-08 09:22:38.953 [] [] [] INFO  c.c.crm.system.job.NoticeExpireJob - 合同到期提醒
2026-04-08 09:22:38.965 [] [] [] INFO  c.c.crm.system.job.NoticeExpireJob - 组织100001无到期合同
2026-04-08 09:22:39.024 [] [] [] INFO  cn.cordys.quartz.SchedulerStarter - reschedule all jobs...
2026-04-08 09:23:18.810 [] [] [] INFO  c.c.crm.system.notice.sse.SseService - 当前在线用户数: 0 
2026-04-08 09:23:18.810 [] [] [] INFO  c.c.crm.system.notice.sse.SseService - User ID or Client ID is blank, cannot add client.
2026-04-08 09:25:00.023 [] [] [] INFO  c.cordys.crm.system.job.NotifyOnJob - 执行公告通知定时任务，tenantId=default
2026-04-08 09:28:39.011 [] [] [] INFO  c.c.crm.system.notice.sse.SseService - 当前在线用户数: 0 
2026-04-08 09:30:00.030 [] [] [] INFO  c.cordys.crm.system.job.NotifyOnJob - 执行公告通知定时任务，tenantId=default
2026-04-08 09:32:30.066 [] [] [] INFO  c.c.crm.system.notice.sse.SseService - 当前在线用户数: 0 
2026-04-08 11:35:06.767 [] [] [] INFO  cn.cordys.Application - Starting Application using Java 21 with PID 19148 (D:\workSpace\CordysCRM\backend\app\target\classes started by admin in D:\workSpace\CordysCRM)
2026-04-08 11:35:06.768 [] [] [] INFO  cn.cordys.Application - No active profile set, falling back to 1 default profile: "default"
2026-04-08 11:37:13.595 [] [] [] INFO  cn.cordys.Application - Starting Application using Java 21 with PID 21140 (D:\workSpace\CordysCRM\backend\app\target\classes started by admin in D:\workSpace\CordysCRM)
2026-04-08 11:37:13.595 [] [] [] INFO  cn.cordys.Application - No active profile set, falling back to 1 default profile: "default"
2026-04-08 11:37:22.573 [] [] [] INFO  cn.cordys.Application - Started Application in 9.437 seconds (process running for 9.975)
2026-04-08 11:37:22.576 [] [] [] INFO  c.c.config.TenantDataSourceBootstrap - TenantDataSourceBootstrap start (order=-2147483648)
2026-04-08 11:37:22.580 [] [] [] INFO  c.c.config.TenantDataSourceBootstrap - Tenant schema migrate start, tenantId=default, jdbcUrl=jdbc:mysql://127.0.0.1:3309/crm_tenant_default?autoReconnect=false&useUnicode=true&characterEncoding=UTF-8&characterSetResults=UTF-8&zeroDateTimeBehavior=convertToNull&allowPublicKeyRetrieval=true&useSSL=false&sessionVariables=sql_mode=%27STRICT_TRANS_TABLES,NO_ZERO_IN_DATE,NO_ZERO_DATE,ERROR_FOR_DIVISION_BY_ZERO,NO_ENGINE_SUBSTITUTION%27
2026-04-08 11:37:22.745 [] [] [] INFO  c.c.config.TenantDataSourceBootstrap - Tenant schema migrate done, tenantId=default
2026-04-08 11:37:22.745 [] [] [] INFO  c.c.config.TenantDataSourceBootstrap - TenantDataSourceBootstrap done
2026-04-08 11:37:22.746 [] [] [] INFO  cn.cordys.listener.AppListener - ===== 开始初始化配置 =====
2026-04-08 11:37:22.817 [] [] [] INFO  c.c.c.s.s.DisposableWorkerIdAssigner - Add worker node:WorkerNode(id=5, hostName=240e:398:3e0:d500:a852:b033:c2:4451, port=1775619442758-37330386, type=2, launchDate=1775619442760, modified=1775619442760, created=1775619442760)
2026-04-08 11:37:22.818 [] [] [] INFO  c.c.c.uid.impl.DefaultUidGenerator - Initialized UID Generator: epoch=2025-01-01, bits=(time:30, worker:21, seq:12), workerId=5
2026-04-08 11:37:22.818 [] [] [] INFO  cn.cordys.listener.AppListener - 初始化RSA配置
2026-04-08 11:37:22.837 [] [] [] INFO  cn.cordys.listener.AppListener - 初始化租户业务配置，tenantId=default
2026-04-08 11:37:22.837 [] [] [] INFO  cn.cordys.listener.AppListener - 初始化定时任务，tenantId=default
2026-04-08 11:37:22.863 [] [] [] INFO  cn.cordys.listener.AppListener - 初始化默认组织数据，tenantId=default
2026-04-08 11:37:22.911 [] [] [] INFO  cn.cordys.listener.AppListener - 停止导出任务，tenantId=default
2026-04-08 11:37:22.915 [] [] [] INFO  cn.cordys.listener.AppListener - 清理表单缓存
2026-04-08 11:37:22.918 [] [] [] INFO  cn.cordys.listener.AppListener - ===== 完成初始化配置 =====
2026-04-08 11:38:22.676 [] [] [] INFO  c.cordys.crm.system.job.NotifyOnJob - 执行公告通知定时任务，tenantId=default
2026-04-08 11:38:22.760 [] [] [] INFO  cn.cordys.quartz.SchedulerStarter - reschedule all jobs...
2026-04-08 11:40:00.100 [] [] [] INFO  c.cordys.crm.system.job.NotifyOnJob - 执行公告通知定时任务，tenantId=default
2026-04-08 11:40:57.371 [] [] [] INFO  c.c.c.uid.impl.DefaultUidGenerator - Shutdown UID Generator...
2026-04-08 11:42:54.788 [] [] [] INFO  cn.cordys.Application - Starting Application using Java 21 with PID 21508 (D:\workSpace\CordysCRM\backend\app\target\classes started by admin in D:\workSpace\CordysCRM)
2026-04-08 11:42:54.788 [] [] [] INFO  cn.cordys.Application - No active profile set, falling back to 1 default profile: "default"
2026-04-08 11:43:03.611 [] [] [] INFO  cn.cordys.Application - Started Application in 9.28 seconds (process running for 9.873)
2026-04-08 11:43:03.614 [] [] [] INFO  c.c.config.TenantDataSourceBootstrap - TenantDataSourceBootstrap start (order=-2147483648)
2026-04-08 11:43:03.617 [] [] [] INFO  c.c.config.TenantDataSourceBootstrap - Tenant schema migrate start, tenantId=default, jdbcUrl=jdbc:mysql://127.0.0.1:3309/crm_tenant_default?autoReconnect=false&useUnicode=true&characterEncoding=UTF-8&characterSetResults=UTF-8&zeroDateTimeBehavior=convertToNull&allowPublicKeyRetrieval=true&useSSL=false&sessionVariables=sql_mode=%27STRICT_TRANS_TABLES,NO_ZERO_IN_DATE,NO_ZERO_DATE,ERROR_FOR_DIVISION_BY_ZERO,NO_ENGINE_SUBSTITUTION%27
2026-04-08 11:43:03.703 [] [] [] INFO  c.c.config.TenantDataSourceBootstrap - Tenant schema migrate done, tenantId=default
2026-04-08 11:43:03.703 [] [] [] INFO  c.c.config.TenantDataSourceBootstrap - TenantDataSourceBootstrap done
2026-04-08 11:43:03.703 [] [] [] INFO  cn.cordys.listener.AppListener - ===== 开始初始化配置 =====
2026-04-08 11:43:03.817 [] [] [] INFO  c.c.c.s.s.DisposableWorkerIdAssigner - Add worker node:WorkerNode(id=6, hostName=240e:398:3e0:d500:a852:b033:c2:4451, port=1775619783713-1191163185, type=2, launchDate=1775619783715, modified=1775619783715, created=1775619783715)
2026-04-08 11:43:03.818 [] [] [] INFO  c.c.c.uid.impl.DefaultUidGenerator - Initialized UID Generator: epoch=2025-01-01, bits=(time:30, worker:21, seq:12), workerId=6
2026-04-08 11:43:03.818 [] [] [] INFO  cn.cordys.listener.AppListener - 初始化RSA配置
2026-04-08 11:43:03.835 [] [] [] INFO  cn.cordys.listener.AppListener - 初始化租户业务配置，tenantId=default
2026-04-08 11:43:03.836 [] [] [] INFO  cn.cordys.listener.AppListener - 初始化定时任务，tenantId=default
2026-04-08 11:43:03.864 [] [] [] INFO  cn.cordys.listener.AppListener - 初始化默认组织数据，tenantId=default
2026-04-08 11:43:03.918 [] [] [] INFO  cn.cordys.listener.AppListener - 停止导出任务，tenantId=default
2026-04-08 11:43:03.922 [] [] [] INFO  cn.cordys.listener.AppListener - 清理表单缓存
2026-04-08 11:43:03.926 [] [] [] INFO  cn.cordys.listener.AppListener - ===== 完成初始化配置 =====
2026-04-08 11:44:03.928 [] [] [] INFO  cn.cordys.quartz.SchedulerStarter - reschedule all jobs...
2026-04-08 11:45:00.130 [] [] [] INFO  c.cordys.crm.system.job.NotifyOnJob - 执行公告通知定时任务，tenantId=default
2026-04-08 11:45:16.831 [] [] [] INFO  c.c.crm.system.notice.sse.SseService - 当前在线用户数: 0 
2026-04-08 11:45:34.847 [] [] [] INFO  c.c.crm.system.notice.sse.SseService - 当前在线用户数: 0 
2026-04-08 12:08:56.034 [] [] [] INFO  cn.cordys.Application - Starting Application using Java 21 with PID 20228 (D:\workSpace\CordysCRM\backend\app\target\classes started by admin in D:\workSpace\CordysCRM)
2026-04-08 12:08:56.034 [] [] [] INFO  cn.cordys.Application - No active profile set, falling back to 1 default profile: "default"
2026-04-08 12:09:04.174 [] [] [] INFO  cn.cordys.Application - Started Application in 8.615 seconds (process running for 9.186)
2026-04-08 12:09:04.177 [] [] [] INFO  c.c.config.TenantDataSourceBootstrap - TenantDataSourceBootstrap start (order=-2147483648)
2026-04-08 12:09:04.181 [] [] [] INFO  c.c.config.TenantDataSourceBootstrap - Tenant schema migrate start, tenantId=default, jdbcUrl=jdbc:mysql://127.0.0.1:3309/crm_tenant_default?autoReconnect=false&useUnicode=true&characterEncoding=UTF-8&characterSetResults=UTF-8&zeroDateTimeBehavior=convertToNull&allowPublicKeyRetrieval=true&useSSL=false&sessionVariables=sql_mode=%27STRICT_TRANS_TABLES,NO_ZERO_IN_DATE,NO_ZERO_DATE,ERROR_FOR_DIVISION_BY_ZERO,NO_ENGINE_SUBSTITUTION%27
2026-04-08 12:09:04.402 [] [] [] INFO  c.c.config.TenantDataSourceBootstrap - Tenant schema migrate done, tenantId=default
2026-04-08 12:09:04.402 [] [] [] INFO  c.c.config.TenantDataSourceBootstrap - TenantDataSourceBootstrap done
2026-04-08 12:09:04.403 [] [] [] INFO  cn.cordys.listener.AppListener - ===== 开始初始化配置 =====
2026-04-08 12:09:04.470 [] [] [] INFO  c.c.c.s.s.DisposableWorkerIdAssigner - Add worker node:WorkerNode(id=7, hostName=240e:398:3e0:d500:a852:b033:c2:4451, port=1775621344415-1099413435, type=2, launchDate=1775621344418, modified=1775621344418, created=1775621344418)
2026-04-08 12:09:04.471 [] [] [] INFO  c.c.c.uid.impl.DefaultUidGenerator - Initialized UID Generator: epoch=2025-01-01, bits=(time:30, worker:21, seq:12), workerId=7
2026-04-08 12:09:04.471 [] [] [] INFO  cn.cordys.listener.AppListener - 初始化RSA配置
2026-04-08 12:09:04.486 [] [] [] INFO  cn.cordys.listener.AppListener - 初始化租户业务配置，tenantId=default
2026-04-08 12:09:04.487 [] [] [] INFO  cn.cordys.listener.AppListener - 初始化定时任务，tenantId=default
2026-04-08 12:09:04.510 [] [] [] INFO  cn.cordys.listener.AppListener - 初始化默认组织数据，tenantId=default
2026-04-08 12:09:04.557 [] [] [] INFO  cn.cordys.listener.AppListener - 停止导出任务，tenantId=default
2026-04-08 12:09:04.561 [] [] [] INFO  cn.cordys.listener.AppListener - 清理表单缓存
2026-04-08 12:09:04.566 [] [] [] INFO  cn.cordys.listener.AppListener - ===== 完成初始化配置 =====
2026-04-08 12:10:04.327 [] [] [] INFO  c.cordys.crm.system.job.NotifyOnJob - 执行公告通知定时任务，tenantId=default
2026-04-08 12:10:04.412 [] [] [] INFO  cn.cordys.quartz.SchedulerStarter - reschedule all jobs...
2026-04-08 12:10:04.938 [] [] [] INFO  c.cordys.crm.system.job.NotifyOnJob - 执行公告通知定时任务，tenantId=default
2026-04-08 12:10:18.098 [] [] [] INFO  c.c.crm.system.notice.sse.SseService - 当前在线用户数: 0 
2026-04-08 12:10:30.176 [] [] [] INFO  c.c.crm.system.notice.sse.SseService - 当前在线用户数: 0 
2026-04-08 12:12:15.629 [] [] [] INFO  c.c.crm.system.notice.sse.SseService - 当前在线用户数: 0 
2026-04-08 12:15:00.063 [] [] [] INFO  c.cordys.crm.system.job.NotifyOnJob - 执行公告通知定时任务，tenantId=default
2026-04-08 12:16:59.359 [] [] [] INFO  c.c.crm.system.notice.sse.SseService - 当前在线用户数: 0 
2026-04-08 12:20:00.027 [] [] [] INFO  c.cordys.crm.system.job.NotifyOnJob - 执行公告通知定时任务，tenantId=default
2026-04-08 12:23:20.262 [] [] [] INFO  c.c.crm.system.notice.sse.SseService - 当前在线用户数: 1 
2026-04-08 12:25:00.089 [] [] [] INFO  c.cordys.crm.system.job.NotifyOnJob - 执行公告通知定时任务，tenantId=default
2026-04-08 12:29:29.594 [] [] [] INFO  cn.cordys.Application - Starting Application using Java 21 with PID 18380 (D:\workSpace\CordysCRM\backend\app\target\classes started by admin in D:\workSpace\CordysCRM)
2026-04-08 12:29:29.595 [] [] [] INFO  cn.cordys.Application - No active profile set, falling back to 1 default profile: "default"
2026-04-08 12:29:37.715 [] [] [] INFO  cn.cordys.Application - Started Application in 8.58 seconds (process running for 9.103)
2026-04-08 12:29:37.718 [] [] [] INFO  c.c.config.TenantDataSourceBootstrap - TenantDataSourceBootstrap start (order=-2147483648)
2026-04-08 12:29:37.721 [] [] [] INFO  c.c.config.TenantDataSourceBootstrap - Tenant schema migrate start, tenantId=default, jdbcUrl=jdbc:mysql://127.0.0.1:3309/crm_tenant_default?autoReconnect=false&useUnicode=true&characterEncoding=UTF-8&characterSetResults=UTF-8&zeroDateTimeBehavior=convertToNull&allowPublicKeyRetrieval=true&useSSL=false&sessionVariables=sql_mode=%27STRICT_TRANS_TABLES,NO_ZERO_IN_DATE,NO_ZERO_DATE,ERROR_FOR_DIVISION_BY_ZERO,NO_ENGINE_SUBSTITUTION%27
2026-04-08 12:29:37.897 [] [] [] INFO  c.c.config.TenantDataSourceBootstrap - Tenant schema migrate done, tenantId=default
2026-04-08 12:29:37.898 [] [] [] INFO  c.c.config.TenantDataSourceBootstrap - TenantDataSourceBootstrap done
2026-04-08 12:29:37.898 [] [] [] INFO  cn.cordys.listener.AppListener - ===== 开始初始化配置 =====
2026-04-08 12:29:37.971 [] [] [] INFO  c.c.c.s.s.DisposableWorkerIdAssigner - Add worker node:WorkerNode(id=8, hostName=240e:398:3e0:d500:a852:b033:c2:4451, port=1775622577911-1483510509, type=2, launchDate=1775622577914, modified=1775622577914, created=1775622577914)
2026-04-08 12:29:37.973 [] [] [] INFO  c.c.c.uid.impl.DefaultUidGenerator - Initialized UID Generator: epoch=2025-01-01, bits=(time:30, worker:21, seq:12), workerId=8
2026-04-08 12:29:37.973 [] [] [] INFO  cn.cordys.listener.AppListener - 初始化RSA配置
2026-04-08 12:29:37.992 [] [] [] INFO  cn.cordys.listener.AppListener - 初始化租户业务配置，tenantId=default
2026-04-08 12:29:37.992 [] [] [] INFO  cn.cordys.listener.AppListener - 初始化定时任务，tenantId=default
2026-04-08 12:29:38.018 [] [] [] INFO  cn.cordys.listener.AppListener - 初始化默认组织数据，tenantId=default
2026-04-08 12:29:38.065 [] [] [] INFO  cn.cordys.listener.AppListener - 停止导出任务，tenantId=default
2026-04-08 12:29:38.069 [] [] [] INFO  cn.cordys.listener.AppListener - 清理表单缓存
2026-04-08 12:29:38.074 [] [] [] INFO  cn.cordys.listener.AppListener - ===== 完成初始化配置 =====
2026-04-08 12:29:51.657 [] [] [] INFO  c.c.crm.system.notice.sse.SseService - 当前在线用户数: 0 
2026-04-08 12:30:37.874 [] [] [] INFO  c.cordys.crm.system.job.NotifyOnJob - 执行公告通知定时任务，tenantId=default
2026-04-08 12:30:37.904 [] [] [] INFO  cn.cordys.quartz.SchedulerStarter - reschedule all jobs...
2026-04-08 12:30:38.388 [] [] [] INFO  c.cordys.crm.system.job.NotifyOnJob - 执行公告通知定时任务，tenantId=default
2026-04-08 12:31:01.115 [] [] [] INFO  c.c.crm.system.notice.sse.SseService - 当前在线用户数: 0 
2026-04-08 12:35:00.028 [] [] [] INFO  c.cordys.crm.system.job.NotifyOnJob - 执行公告通知定时任务，tenantId=default
2026-04-08 12:36:00.922 [] [] [] INFO  c.c.crm.system.notice.sse.SseService - 当前在线用户数: 0 
2026-04-08 13:38:26.588 [] [] [] INFO  cn.cordys.Application - Starting Application using Java 21 with PID 20576 (D:\workSpace\CordysCRM\backend\app\target\classes started by admin in D:\workSpace\CordysCRM)
2026-04-08 13:38:26.589 [] [] [] INFO  cn.cordys.Application - No active profile set, falling back to 1 default profile: "default"
2026-04-08 13:38:35.010 [] [] [] INFO  cn.cordys.Application - Started Application in 8.943 seconds (process running for 9.561)
2026-04-08 13:38:35.013 [] [] [] INFO  c.c.config.TenantDataSourceBootstrap - TenantDataSourceBootstrap start (order=-2147483648)
2026-04-08 13:38:35.016 [] [] [] INFO  c.c.config.TenantDataSourceBootstrap - Tenant schema migrate start, tenantId=default, jdbcUrl=jdbc:mysql://127.0.0.1:3309/crm_tenant_default?autoReconnect=false&useUnicode=true&characterEncoding=UTF-8&characterSetResults=UTF-8&zeroDateTimeBehavior=convertToNull&allowPublicKeyRetrieval=true&useSSL=false&sessionVariables=sql_mode=%27STRICT_TRANS_TABLES,NO_ZERO_IN_DATE,NO_ZERO_DATE,ERROR_FOR_DIVISION_BY_ZERO,NO_ENGINE_SUBSTITUTION%27
2026-04-08 13:38:35.103 [] [] [] INFO  c.c.config.TenantDataSourceBootstrap - Tenant schema migrate done, tenantId=default
2026-04-08 13:38:35.103 [] [] [] INFO  c.c.config.TenantDataSourceBootstrap - TenantDataSourceBootstrap done
2026-04-08 13:38:35.103 [] [] [] INFO  cn.cordys.listener.AppListener - ===== 开始初始化配置 =====
2026-04-08 13:38:35.188 [] [] [] INFO  c.c.c.s.s.DisposableWorkerIdAssigner - Add worker node:WorkerNode(id=9, hostName=240e:398:3e0:d500:a852:b033:c2:4451, port=1775626715113-1915711383, type=2, launchDate=1775626715115, modified=1775626715115, created=1775626715115)
2026-04-08 13:38:35.189 [] [] [] INFO  c.c.c.uid.impl.DefaultUidGenerator - Initialized UID Generator: epoch=2025-01-01, bits=(time:30, worker:21, seq:12), workerId=9
2026-04-08 13:38:35.189 [] [] [] INFO  cn.cordys.listener.AppListener - 初始化RSA配置
2026-04-08 13:38:35.211 [] [] [] INFO  cn.cordys.listener.AppListener - 初始化租户业务配置，tenantId=default
2026-04-08 13:38:35.212 [] [] [] INFO  cn.cordys.listener.AppListener - 初始化定时任务，tenantId=default
2026-04-08 13:38:35.242 [] [] [] INFO  cn.cordys.listener.AppListener - 初始化默认组织数据，tenantId=default
2026-04-08 13:38:35.306 [] [] [] INFO  cn.cordys.listener.AppListener - 停止导出任务，tenantId=default
2026-04-08 13:38:35.311 [] [] [] INFO  cn.cordys.listener.AppListener - 清理表单缓存
2026-04-08 13:38:35.315 [] [] [] INFO  cn.cordys.listener.AppListener - ===== 完成初始化配置 =====
2026-04-08 13:39:35.191 [] [] [] INFO  c.cordys.crm.system.job.NotifyOnJob - 执行公告通知定时任务，tenantId=default
2026-04-08 13:39:35.331 [] [] [] INFO  cn.cordys.quartz.SchedulerStarter - reschedule all jobs...
2026-04-08 13:40:00.034 [] [] [] INFO  c.cordys.crm.system.job.NotifyOnJob - 执行公告通知定时任务，tenantId=default
2026-04-08 13:41:45.777 [] [] [] INFO  c.c.crm.system.notice.sse.SseService - 当前在线用户数: 0 
2026-04-08 13:45:00.025 [] [] [] INFO  c.cordys.crm.system.job.NotifyOnJob - 执行公告通知定时任务，tenantId=default
2026-04-08 13:50:00.023 [] [] [] INFO  c.cordys.crm.system.job.NotifyOnJob - 执行公告通知定时任务，tenantId=default
2026-04-08 13:55:00.024 [] [] [] INFO  c.cordys.crm.system.job.NotifyOnJob - 执行公告通知定时任务，tenantId=default
2026-04-08 14:00:00.022 [] [] [] INFO  c.cordys.crm.system.job.NotifyOnJob - 执行公告通知定时任务，tenantId=default
